#
# There is insufficient memory for the Java Runtime Environment to continue.
# Native memory allocation (mmap) failed to map 100663296 bytes for Failed to commit area from 0x00000000a1000000 to 0x00000000a7000000 of length 100663296.
# Possible reasons:
#   The system is out of physical RAM or swap space
#   The process is running with CompressedOops enabled, and the Java Heap may be blocking the growth of the native heap
# Possible solutions:
#   Reduce memory load on the system
#   Increase physical memory or swap space
#   Check if swap backing store is full
#   Decrease Java heap size (-Xmx/-Xms)
#   Decrease number of Java threads
#   Decrease Java thread stack sizes (-Xss)
#   Set larger code cache with -XX:ReservedCodeCacheSize=
# This output file may be truncated or incomplete.
#
#  Out of Memory Error (t:/workspace/open/src/hotspot/os/windows/os_windows.cpp:3301), pid=6764, tid=14064
#
# JRE version:  (13.0.2+8) (build )
# Java VM: Java HotSpot(TM) 64-Bit Server VM (13.0.2+8, mixed mode, aot, sharing, tiered, compressed oops, g1 gc, windows-amd64)
# No core dump will be written. Minidumps are not enabled by default on client versions of Windows
#

---------------  S U M M A R Y ------------

Command Line: -Dfile.encoding=Cp1252 OperatingSystem

Host: Intel(R) Core(TM) i5-4210U CPU @ 1.70GHz, 4 cores, 5G,  Windows 10 , 64 bit Build 17763 (10.0.17763.475)
Time: Wed Apr 15 02:45:20 2020 Egypt Standard Time elapsed time: 0 seconds (0d 0h 0m 0s)

---------------  T H R E A D  ---------------

Current thread (0x000001a3846cc800):  JavaThread "Unknown thread" [_thread_in_vm, id=14064, stack(0x0000005769100000,0x0000005769200000)]

Stack: [0x0000005769100000,0x0000005769200000]
Native frames: (J=compiled Java code, j=interpreted, Vv=VM code, C=native code)
V  [jvm.dll+0x624f9a]
V  [jvm.dll+0x770cfa]
V  [jvm.dll+0x7724af]
V  [jvm.dll+0x772ab3]
V  [jvm.dll+0x24bf08]
V  [jvm.dll+0x6222aa]
V  [jvm.dll+0x6170b5]
V  [jvm.dll+0x30a88c]
V  [jvm.dll+0x30a6c2]
V  [jvm.dll+0x30fe36]
V  [jvm.dll+0x353f46]
V  [jvm.dll+0x353720]
V  [jvm.dll+0x2e550a]
V  [jvm.dll+0x2e67a2]
V  [jvm.dll+0x74dd78]
V  [jvm.dll+0x361989]
V  [jvm.dll+0x730e65]
V  [jvm.dll+0x3cc53f]
V  [jvm.dll+0x3ce861]
C  [jli.dll+0x51ff]
C  [ucrtbase.dll+0x21ffa]
C  [KERNEL32.DLL+0x17974]
C  [ntdll.dll+0x6a261]


---------------  P R O C E S S  ---------------

Threads class SMR info:
_java_thread_list=0x00007ff9014dccb8, length=0, elements={
}

Java Threads: ( => current thread )

Other Threads:
  0x000001a384709800 GCTaskThread "GC Thread#0" [stack: 0x0000005769200000,0x0000005769300000] [id=19244]
  0x000001a384718000 ConcurrentGCThread "G1 Main Marker" [stack: 0x0000005769300000,0x0000005769400000] [id=24712]
  0x000001a384719000 ConcurrentGCThread "G1 Conc#0" [stack: 0x0000005769400000,0x0000005769500000] [id=8416]

[error occurred during error reporting (printing all threads), id 0xc0000005, EXCEPTION_ACCESS_VIOLATION (0xc0000005) at pc=0x00007ff900d151d7]

VM state:not at safepoint (not fully initialized)

VM Mutex/Monitor currently owned by a thread:  ([mutex/lock_event])
[0x000001a3846c8ae0] Heap_lock - owner thread: 0x000001a3846cc800

Heap address: 0x00000000a1000000, size: 1520 MB, Compressed Oops mode: Non-zero based: 0x00000000a1000000
Narrow klass base: 0x0000000000000000, Narrow klass shift: 0

GC Heap History (0 events):
No events

Deoptimization events (0 events):
No events

Classes unloaded (0 events):
No events

Classes redefined (0 events):
No events

Internal exceptions (0 events):
No events

Events (8 events):
Event: 0.010 Loaded shared library C:\Program Files\Java\jdk-13.0.2\bin\zip.dll
Event: 0.010 Loaded shared library C:\Program Files\Java\jdk-13.0.2\bin\jimage.dll
Event: 0.012 Loading shared library C:\Program Files\Java\jdk-13.0.2\lib\libjava.base-coop.dll failed, error code 126
Event: 0.012 Loading shared library C:\Program Files\Java\jdk-13.0.2\lib\libjava.logging-coop.dll failed, error code 126
Event: 0.013 Loading shared library C:\Program Files\Java\jdk-13.0.2\lib\libjdk.compiler-coop.dll failed, error code 126
Event: 0.013 Loading shared library C:\Program Files\Java\jdk-13.0.2\lib\libjdk.scripting.nashorn-coop.dll failed, error code 126
Event: 0.013 Loading shared library C:\Program Files\Java\jdk-13.0.2\lib\libjdk.internal.vm.ci-coop.dll failed, error code 126
Event: 0.013 Loading shared library C:\Program Files\Java\jdk-13.0.2\lib\libjdk.internal.vm.compiler-coop.dll failed, error code 126


Dynamic libraries:
0x00007ff6026a0000 - 0x00007ff6026af000 	C:\Program Files\Java\jdk-13.0.2\bin\javaw.exe
0x00007ff941f20000 - 0x00007ff94210d000 	C:\Windows\SYSTEM32\ntdll.dll
0x00007ff941a90000 - 0x00007ff941b43000 	C:\Windows\System32\KERNEL32.DLL
0x00007ff93ea80000 - 0x00007ff93ed13000 	C:\Windows\System32\KERNELBASE.dll
0x00007ff93e920000 - 0x00007ff93ea1a000 	C:\Windows\System32\ucrtbase.dll
0x00007ff92da00000 - 0x00007ff92da15000 	C:\Program Files\Java\jdk-13.0.2\bin\VCRUNTIME140.dll
0x00007ff92d2f0000 - 0x00007ff92d308000 	C:\Program Files\Java\jdk-13.0.2\bin\jli.dll
0x00007ff93f630000 - 0x00007ff93f6d3000 	C:\Windows\System32\ADVAPI32.dll
0x00007ff941cf0000 - 0x00007ff941d8e000 	C:\Windows\System32\msvcrt.dll
0x00007ff93faf0000 - 0x00007ff93fb8e000 	C:\Windows\System32\sechost.dll
0x00007ff941750000 - 0x00007ff941872000 	C:\Windows\System32\RPCRT4.dll
0x00007ff941b50000 - 0x00007ff941ce7000 	C:\Windows\System32\USER32.dll
0x00007ff93edd0000 - 0x00007ff93edf0000 	C:\Windows\System32\win32u.dll
0x00007ff931dd0000 - 0x00007ff932049000 	C:\Windows\WinSxS\amd64_microsoft.windows.common-controls_6595b64144ccf1df_6.0.17763.1098_none_de762ed45346ee8a\COMCTL32.dll
0x00007ff93f6e0000 - 0x00007ff93fa0c000 	C:\Windows\System32\combase.dll
0x00007ff941ec0000 - 0x00007ff941ee9000 	C:\Windows\System32\GDI32.dll
0x00007ff93f0c0000 - 0x00007ff93f13e000 	C:\Windows\System32\bcryptPrimitives.dll
0x00007ff93dfe0000 - 0x00007ff93e179000 	C:\Windows\System32\gdi32full.dll
0x00007ff93edf0000 - 0x00007ff93ee90000 	C:\Windows\System32\msvcp_win.dll
0x00007ff9376d0000 - 0x00007ff9376da000 	C:\Windows\SYSTEM32\VERSION.dll
0x00007ff93f580000 - 0x00007ff93f5ae000 	C:\Windows\System32\IMM32.DLL
0x00007ff91cf20000 - 0x00007ff91cfbb000 	C:\Program Files\Java\jdk-13.0.2\bin\msvcp140.dll
0x00007ff900a20000 - 0x00007ff90157d000 	C:\Program Files\Java\jdk-13.0.2\bin\server\jvm.dll
0x00007ff93fae0000 - 0x00007ff93fae8000 	C:\Windows\System32\PSAPI.DLL
0x00007ff93a730000 - 0x00007ff93a739000 	C:\Windows\SYSTEM32\WSOCK32.dll
0x00007ff93bb10000 - 0x00007ff93bb34000 	C:\Windows\SYSTEM32\WINMM.dll
0x00007ff941090000 - 0x00007ff9410fd000 	C:\Windows\System32\WS2_32.dll
0x00007ff93bae0000 - 0x00007ff93bb0d000 	C:\Windows\SYSTEM32\WINMMBASE.dll
0x00007ff93e8d0000 - 0x00007ff93e91a000 	C:\Windows\System32\cfgmgr32.dll
0x00007ff93df10000 - 0x00007ff93df21000 	C:\Windows\System32\kernel.appcore.dll
0x00007ff92d9e0000 - 0x00007ff92d9f0000 	C:\Program Files\Java\jdk-13.0.2\bin\verify.dll
0x00007ff933d00000 - 0x00007ff933eed000 	C:\Windows\SYSTEM32\DBGHELP.DLL
0x00007ff933cd0000 - 0x00007ff933cfa000 	C:\Windows\SYSTEM32\dbgcore.DLL
0x00007ff92d930000 - 0x00007ff92d956000 	C:\Program Files\Java\jdk-13.0.2\bin\java.dll
0x00007ff92d9c0000 - 0x00007ff92d9d7000 	C:\Program Files\Java\jdk-13.0.2\bin\zip.dll
0x00007ff92d1f0000 - 0x00007ff92d1fa000 	C:\Program Files\Java\jdk-13.0.2\bin\jimage.dll

dbghelp: loaded successfully - version: 4.0.5 - missing functions: none
symbol engine: initialized successfully - sym options: 0x614 - pdb path: .;C:\Program Files\Java\jdk-13.0.2\bin;C:\Windows\SYSTEM32;C:\Windows\WinSxS\amd64_microsoft.windows.common-controls_6595b64144ccf1df_6.0.17763.1098_none_de762ed45346ee8a;C:\Program Files\Java\jdk-13.0.2\bin\server

VM Arguments:
jvm_args: -Dfile.encoding=Cp1252 
java_command: OperatingSystem
java_class_path (initial): C:\Users\user\eclipse-workspace\Copy of OSProj\bin
Launcher Type: SUN_STANDARD

[Global flags]
     intx CICompilerCount                          = 3                                         {product} {ergonomic}
     uint ConcGCThreads                            = 1                                         {product} {ergonomic}
     uint G1ConcRefinementThreads                  = 4                                         {product} {ergonomic}
   size_t G1HeapRegionSize                         = 1048576                                   {product} {ergonomic}
    uintx GCDrainStackTargetSize                   = 64                                        {product} {ergonomic}
   size_t InitialHeapSize                          = 100663296                                 {product} {ergonomic}
   size_t MarkStackSize                            = 4194304                                   {product} {ergonomic}
   size_t MaxHeapSize                              = 1593835520                                {product} {ergonomic}
   size_t MinHeapDeltaBytes                        = 1048576                                   {product} {ergonomic}
   size_t MinHeapSize                              = 8388608                                   {product} {ergonomic}
    uintx NonNMethodCodeHeapSize                   = 5832780                                {pd product} {ergonomic}
    uintx NonProfiledCodeHeapSize                  = 122912730                              {pd product} {ergonomic}
    uintx ProfiledCodeHeapSize                     = 122912730                              {pd product} {ergonomic}
    uintx ReservedCodeCacheSize                    = 251658240                              {pd product} {ergonomic}
     bool SegmentedCodeCache                       = true                                      {product} {ergonomic}
   size_t SoftMaxHeapSize                          = 1593835520                             {manageable} {ergonomic}
     bool UseCompressedClassPointers               = true                                 {lp64_product} {ergonomic}
     bool UseCompressedOops                        = true                                 {lp64_product} {ergonomic}
     bool UseG1GC                                  = true                                      {product} {ergonomic}
     bool UseLargePagesIndividualAllocation        = false                                  {pd product} {ergonomic}

Logging:
Log output configuration:
 #0: stdout all=warning uptime,level,tags
 #1: stderr all=off uptime,level,tags

Environment Variables:
PATH=C:/Program Files/Java/jdk-13.0.2/bin/server;C:/Program Files/Java/jdk-13.0.2/bin;C:\Program Files (x86)\Common Files\Intel\Shared Libraries\redist\intel64\compiler;C:\Windows\system32;C:\Windows;C:\Windows\System32\Wbem;C:\Windows\System32\WindowsPowerShell\v1.0\;C:\Windows\System32\OpenSSH\;C:\Program Files (x86)\NVIDIA Corporation\PhysX\Common;C:\Program Files\Microsoft SQL Server\Client SDK\ODBC\130\Tools\Binn\;C:\Program Files (x86)\Microsoft SQL Server\140\Tools\Binn\;C:\Program Files\Microsoft SQL Server\140\Tools\Binn\;C:\Program Files\Microsoft SQL Server\140\DTS\Binn\;C:\Program Files\Microsoft SQL Server\130\Tools\Binn\;C:\Program Files\Microsoft SQL Server\Client SDK\ODBC\170\Tools\Binn\;C:\Program Files\nodejs\;C:\Program Files\dotnet\;C:\Program Files\Git\cmd;C:\Program Files (x86)\Windows Live\Shared;C:\Program Files\Common Files\Autodesk Shared\;C:\Program Files\Java\jdk-13.0.2\bin;C:\Users\user\AppData\Local\Microsoft\WindowsApps;;C:\Users\user\AppData\Local\Programs\Microsoft VS Code\bin;C:\Users\user\AppData\Roaming\npm;C:\Program Files\Adobe\Adobe After Effects 2020\Support Files;
USERNAME=user
OS=Windows_NT
PROCESSOR_IDENTIFIER=Intel64 Family 6 Model 69 Stepping 1, GenuineIntel



---------------  S Y S T E M  ---------------

OS: Windows 10 , 64 bit Build 17763 (10.0.17763.475)

CPU:total 4 (initial active 4) (2 cores per cpu, 2 threads per core) family 6 model 69 stepping 1, cmov, cx8, fxsr, mmx, sse, sse2, sse3, ssse3, sse4.1, sse4.2, popcnt, avx, avx2, aes, clmul, erms, lzcnt, ht, tsc, tscinvbit, bmi1, bmi2, fma

Memory: 4k page, system-wide physical 6074M (545M free)
TotalPageFile size 24506M (AvailPageFile size 74M)
current process WorkingSet (physical memory assigned to process): 9M, peak: 9M
current process commit charge ("private bytes"): 52M, peak: 147M

vm_info: Java HotSpot(TM) 64-Bit Server VM (13.0.2+8) for windows-amd64 JRE (13.0.2+8), built on Dec 11 2019 09:20:33 by "mach5one" with unknown MS VC++:1916

END.
